<?xml version="1.0" encoding="UTF-8"?>
<testng-results skipped="0" failed="0" ignored="0" total="1" passed="1">
  <reporter-output>
  </reporter-output>
  <suite name="Default suite" duration-ms="15445" started-at="2019-08-19T16:25:51Z" finished-at="2019-08-19T16:26:07Z">
    <groups>
    </groups>
    <test name="Default test" duration-ms="15445" started-at="2019-08-19T16:25:51Z" finished-at="2019-08-19T16:26:07Z">
      <class name="testNGDemo.screenshotNewDemo">
        <test-method status="PASS" signature="verifylaunchURL()[pri:0, instance:testNGDemo.screenshotNewDemo@5e5792a0]" name="verifylaunchURL" duration-ms="15388" started-at="2019-08-19T16:25:51Z" finished-at="2019-08-19T16:26:07Z">
          <reporter-output>
          </reporter-output>
        </test-method> <!-- verifylaunchURL -->
      </class> <!-- testNGDemo.screenshotNewDemo -->
    </test> <!-- Default test -->
  </suite> <!-- Default suite -->
</testng-results>
