<?xml version="1.0" encoding="UTF-8"?>
<!-- Generated by org.testng.reporters.JUnitXMLReporter -->
<testsuite hostname="LAPTOP-UK7PKGHG" ignored="0" name="Test" tests="4" failures="0" timestamp="08 Aug 2019 16:57:51 GMT" time="0.099" errors="0">
  <testcase name="tc4" time="0.021" classname="testngMulTCDemo.TestNG4"/>
  <testcase name="tc3" time="0.003" classname="testngMulTCDemo.TestNG3"/>
  <testcase name="tc2" time="0.003" classname="testngMulTCDemo.TestNG2"/>
  <testcase name="tc22" time="0.002" classname="testngMulTCDemo.TestNG2"/>
</testsuite> <!-- Test -->
